Start testing: May 13 15:58 CEST
----------------------------------------------------------
Unable to find executable: test_util
1/3 Testing: test_util
1/3 Test: test_util
Command: ""
Directory: /home/linus/ws/breakhack/build
"test_util" start time: 
Output:
----------------------------------------------------------
<end of output>
Test time =   0.00 sec
----------------------------------------------------------
Test Passed.
"test_util" end time: May 13 15:58 CEST
"test_util" time elapsed: 00:00:00
----------------------------------------------------------

Unable to find executable: test_linkedlist
2/3 Testing: test_linkedlist
2/3 Test: test_linkedlist
Command: ""
Directory: /home/linus/ws/breakhack/build
"test_linkedlist" start time: 
Output:
----------------------------------------------------------
<end of output>
Test time =   0.00 sec
----------------------------------------------------------
Test Passed.
"test_linkedlist" end time: May 13 15:58 CEST
"test_linkedlist" time elapsed: 00:00:00
----------------------------------------------------------

Unable to find executable: test_hashtable
3/3 Testing: test_hashtable
3/3 Test: test_hashtable
Command: ""
Directory: /home/linus/ws/breakhack/build
"test_hashtable" start time: 
Output:
----------------------------------------------------------
<end of output>
Test time =   0.00 sec
----------------------------------------------------------
Test Passed.
"test_hashtable" end time: May 13 15:58 CEST
"test_hashtable" time elapsed: 00:00:00
----------------------------------------------------------

End testing: May 13 15:58 CEST
